{"/Users/macheewon/Documents/GitHub/connected-platform/frontend/src/setupProxy.js": {"path":"/Users/macheewon/Documents/GitHub/connected-platform/frontend/src/setupProxy.js","statementMap":{"0":{"start":{"line":1,"column":34},"end":{"line":1,"column":66}},"1":{"start":{"line":3,"column":0},"end":{"line":11,"column":2}},"2":{"start":{"line":4,"column":2},"end":{"line":10,"column":4}}},"fnMap":{"0":{"name":"(anonymous_0)","decl":{"start":{"line":3,"column":17},"end":{"line":3,"column":18}},"loc":{"start":{"line":3,"column":31},"end":{"line":11,"column":1}},"line":3}},"branchMap":{},"s":{"0":0,"1":0,"2":0},"f":{"0":0},"b":{}}
,"/Users/macheewon/Documents/GitHub/connected-platform/frontend/src/App/App.js": {"path":"/Users/macheewon/Documents/GitHub/connected-platform/frontend/src/App/App.js","statementMap":{"0":{"start":{"line":20,"column":12},"end":{"line":36,"column":1}},"1":{"start":{"line":21,"column":41},"end":{"line":21,"column":72}},"2":{"start":{"line":22,"column":20},"end":{"line":22,"column":36}},"3":{"start":{"line":23,"column":21},"end":{"line":23,"column":38}},"4":{"start":{"line":24,"column":1},"end":{"line":24,"column":35}},"5":{"start":{"line":26,"column":1},"end":{"line":35,"column":3}}},"fnMap":{"0":{"name":"(anonymous_0)","decl":{"start":{"line":20,"column":12},"end":{"line":20,"column":13}},"loc":{"start":{"line":20,"column":21},"end":{"line":36,"column":1}},"line":20}},"branchMap":{},"s":{"0":0,"1":0,"2":0,"3":0,"4":0,"5":0},"f":{"0":0},"b":{}}
,"/Users/macheewon/Documents/GitHub/connected-platform/frontend/src/App/AppState.js": {"path":"/Users/macheewon/Documents/GitHub/connected-platform/frontend/src/App/AppState.js","statementMap":{"0":{"start":{"line":7,"column":32},"end":{"line":11,"column":7}},"1":{"start":{"line":8,"column":1},"end":{"line":11,"column":7}},"2":{"start":{"line":9,"column":19},"end":{"line":9,"column":27}},"3":{"start":{"line":10,"column":2},"end":{"line":10,"column":42}},"4":{"start":{"line":13,"column":31},"end":{"line":17,"column":7}},"5":{"start":{"line":14,"column":1},"end":{"line":17,"column":7}},"6":{"start":{"line":15,"column":2},"end":{"line":15,"column":32}},"7":{"start":{"line":16,"column":2},"end":{"line":16,"column":11}},"8":{"start":{"line":19,"column":37},"end":{"line":25,"column":22}},"9":{"start":{"line":20,"column":1},"end":{"line":25,"column":22}},"10":{"start":{"line":21,"column":2},"end":{"line":21,"column":39}},"11":{"start":{"line":22,"column":2},"end":{"line":24,"column":5}},"12":{"start":{"line":27,"column":30},"end":{"line":30,"column":7}},"13":{"start":{"line":28,"column":1},"end":{"line":30,"column":7}},"14":{"start":{"line":29,"column":2},"end":{"line":29,"column":26}},"15":{"start":{"line":32,"column":31},"end":{"line":36,"column":7}},"16":{"start":{"line":33,"column":1},"end":{"line":36,"column":7}},"17":{"start":{"line":34,"column":2},"end":{"line":34,"column":29}},"18":{"start":{"line":35,"column":2},"end":{"line":35,"column":13}},"19":{"start":{"line":39,"column":32},"end":{"line":66,"column":1}},"20":{"start":{"line":40,"column":32},"end":{"line":40,"column":57}},"21":{"start":{"line":42,"column":2},"end":{"line":42,"column":47}},"22":{"start":{"line":43,"column":28},"end":{"line":43,"column":52}},"23":{"start":{"line":45,"column":1},"end":{"line":65,"column":76}},"24":{"start":{"line":46,"column":17},"end":{"line":50,"column":3}},"25":{"start":{"line":52,"column":2},"end":{"line":56,"column":3}},"26":{"start":{"line":53,"column":3},"end":{"line":55,"column":4}},"27":{"start":{"line":54,"column":4},"end":{"line":54,"column":52}},"28":{"start":{"line":58,"column":2},"end":{"line":64,"column":4}},"29":{"start":{"line":59,"column":3},"end":{"line":63,"column":4}},"30":{"start":{"line":60,"column":4},"end":{"line":62,"column":5}},"31":{"start":{"line":61,"column":5},"end":{"line":61,"column":56}},"32":{"start":{"line":69,"column":32},"end":{"line":71,"column":1}},"33":{"start":{"line":70,"column":1},"end":{"line":70,"column":14}}},"fnMap":{"0":{"name":"(anonymous_0)","decl":{"start":{"line":7,"column":32},"end":{"line":7,"column":33}},"loc":{"start":{"line":8,"column":1},"end":{"line":11,"column":7}},"line":8},"1":{"name":"(anonymous_1)","decl":{"start":{"line":8,"column":13},"end":{"line":8,"column":14}},"loc":{"start":{"line":8,"column":19},"end":{"line":11,"column":2}},"line":8},"2":{"name":"(anonymous_2)","decl":{"start":{"line":13,"column":31},"end":{"line":13,"column":32}},"loc":{"start":{"line":14,"column":1},"end":{"line":17,"column":7}},"line":14},"3":{"name":"(anonymous_3)","decl":{"start":{"line":14,"column":13},"end":{"line":14,"column":14}},"loc":{"start":{"line":14,"column":19},"end":{"line":17,"column":2}},"line":14},"4":{"name":"(anonymous_4)","decl":{"start":{"line":19,"column":37},"end":{"line":19,"column":38}},"loc":{"start":{"line":20,"column":1},"end":{"line":25,"column":22}},"line":20},"5":{"name":"(anonymous_5)","decl":{"start":{"line":20,"column":13},"end":{"line":20,"column":14}},"loc":{"start":{"line":20,"column":19},"end":{"line":25,"column":2}},"line":20},"6":{"name":"(anonymous_6)","decl":{"start":{"line":27,"column":30},"end":{"line":27,"column":31}},"loc":{"start":{"line":28,"column":1},"end":{"line":30,"column":7}},"line":28},"7":{"name":"(anonymous_7)","decl":{"start":{"line":28,"column":13},"end":{"line":28,"column":14}},"loc":{"start":{"line":28,"column":19},"end":{"line":30,"column":2}},"line":28},"8":{"name":"(anonymous_8)","decl":{"start":{"line":32,"column":31},"end":{"line":32,"column":32}},"loc":{"start":{"line":33,"column":1},"end":{"line":36,"column":7}},"line":33},"9":{"name":"(anonymous_9)","decl":{"start":{"line":33,"column":13},"end":{"line":33,"column":14}},"loc":{"start":{"line":33,"column":19},"end":{"line":36,"column":2}},"line":33},"10":{"name":"(anonymous_10)","decl":{"start":{"line":39,"column":32},"end":{"line":39,"column":33}},"loc":{"start":{"line":39,"column":51},"end":{"line":66,"column":1}},"line":39},"11":{"name":"(anonymous_11)","decl":{"start":{"line":45,"column":11},"end":{"line":45,"column":12}},"loc":{"start":{"line":45,"column":17},"end":{"line":65,"column":2}},"line":45},"12":{"name":"(anonymous_12)","decl":{"start":{"line":58,"column":9},"end":{"line":58,"column":10}},"loc":{"start":{"line":58,"column":15},"end":{"line":64,"column":3}},"line":58},"13":{"name":"(anonymous_13)","decl":{"start":{"line":69,"column":32},"end":{"line":69,"column":33}},"loc":{"start":{"line":69,"column":38},"end":{"line":71,"column":1}},"line":69}},"branchMap":{"0":{"loc":{"start":{"line":52,"column":2},"end":{"line":56,"column":3}},"type":"if","locations":[{"start":{"line":52,"column":2},"end":{"line":56,"column":3}},{"start":{},"end":{}}],"line":52},"1":{"loc":{"start":{"line":59,"column":3},"end":{"line":63,"column":4}},"type":"if","locations":[{"start":{"line":59,"column":3},"end":{"line":63,"column":4}},{"start":{},"end":{}}],"line":59}},"s":{"0":0,"1":0,"2":0,"3":0,"4":0,"5":0,"6":0,"7":0,"8":0,"9":0,"10":0,"11":0,"12":0,"13":0,"14":0,"15":0,"16":0,"17":0,"18":0,"19":0,"20":0,"21":0,"22":0,"23":0,"24":0,"25":0,"26":0,"27":0,"28":0,"29":0,"30":0,"31":0,"32":0,"33":0},"f":{"0":0,"1":0,"2":0,"3":0,"4":0,"5":0,"6":0,"7":0,"8":0,"9":0,"10":0,"11":0,"12":0,"13":0},"b":{"0":[0,0],"1":[0,0]}}
,"/Users/macheewon/Documents/GitHub/connected-platform/frontend/src/constants/domEvents.js": {"path":"/Users/macheewon/Documents/GitHub/connected-platform/frontend/src/constants/domEvents.js","statementMap":{"0":{"start":{"line":1,"column":22},"end":{"line":1,"column":29}},"1":{"start":{"line":2,"column":41},"end":{"line":2,"column":66}},"2":{"start":{"line":3,"column":33},"end":{"line":3,"column":51}},"3":{"start":{"line":4,"column":42},"end":{"line":4,"column":67}},"4":{"start":{"line":5,"column":35},"end":{"line":5,"column":54}},"5":{"start":{"line":6,"column":30},"end":{"line":6,"column":45}}},"fnMap":{},"branchMap":{},"s":{"0":0,"1":0,"2":0,"3":0,"4":0,"5":0},"f":{},"b":{}}
,"/Users/macheewon/Documents/GitHub/connected-platform/frontend/src/hooks/configs.js": {"path":"/Users/macheewon/Documents/GitHub/connected-platform/frontend/src/hooks/configs.js","statementMap":{"0":{"start":{"line":7,"column":26},"end":{"line":38,"column":1}},"1":{"start":{"line":8,"column":13},"end":{"line":8,"column":25}},"2":{"start":{"line":9,"column":27},"end":{"line":9,"column":57}},"3":{"start":{"line":11,"column":1},"end":{"line":35,"column":8}},"4":{"start":{"line":12,"column":2},"end":{"line":27,"column":3}},"5":{"start":{"line":13,"column":3},"end":{"line":13,"column":34}},"6":{"start":{"line":14,"column":3},"end":{"line":26,"column":6}},"7":{"start":{"line":20,"column":5},"end":{"line":20,"column":37}},"8":{"start":{"line":21,"column":5},"end":{"line":21,"column":19}},"9":{"start":{"line":24,"column":5},"end":{"line":24,"column":37}},"10":{"start":{"line":29,"column":2},"end":{"line":34,"column":4}},"11":{"start":{"line":30,"column":3},"end":{"line":33,"column":4}},"12":{"start":{"line":31,"column":4},"end":{"line":31,"column":25}},"13":{"start":{"line":32,"column":4},"end":{"line":32,"column":23}},"14":{"start":{"line":37,"column":1},"end":{"line":37,"column":14}}},"fnMap":{"0":{"name":"(anonymous_0)","decl":{"start":{"line":7,"column":26},"end":{"line":7,"column":27}},"loc":{"start":{"line":7,"column":32},"end":{"line":38,"column":1}},"line":7},"1":{"name":"(anonymous_1)","decl":{"start":{"line":11,"column":11},"end":{"line":11,"column":12}},"loc":{"start":{"line":11,"column":17},"end":{"line":35,"column":2}},"line":11},"2":{"name":"(anonymous_2)","decl":{"start":{"line":19,"column":15},"end":{"line":19,"column":16}},"loc":{"start":{"line":19,"column":22},"end":{"line":22,"column":5}},"line":19},"3":{"name":"(anonymous_3)","decl":{"start":{"line":23,"column":15},"end":{"line":23,"column":16}},"loc":{"start":{"line":23,"column":22},"end":{"line":25,"column":5}},"line":23},"4":{"name":"(anonymous_4)","decl":{"start":{"line":29,"column":9},"end":{"line":29,"column":10}},"loc":{"start":{"line":29,"column":15},"end":{"line":34,"column":3}},"line":29}},"branchMap":{"0":{"loc":{"start":{"line":12,"column":2},"end":{"line":27,"column":3}},"type":"if","locations":[{"start":{"line":12,"column":2},"end":{"line":27,"column":3}},{"start":{},"end":{}}],"line":12},"1":{"loc":{"start":{"line":30,"column":3},"end":{"line":33,"column":4}},"type":"if","locations":[{"start":{"line":30,"column":3},"end":{"line":33,"column":4}},{"start":{},"end":{}}],"line":30}},"s":{"0":0,"1":0,"2":0,"3":0,"4":0,"5":0,"6":0,"7":0,"8":0,"9":0,"10":0,"11":0,"12":0,"13":0,"14":0},"f":{"0":0,"1":0,"2":0,"3":0,"4":0},"b":{"0":[0,0],"1":[0,0]}}
,"/Users/macheewon/Documents/GitHub/connected-platform/frontend/src/libs/request.js": {"path":"/Users/macheewon/Documents/GitHub/connected-platform/frontend/src/libs/request.js","statementMap":{"0":{"start":{"line":5,"column":13},"end":{"line":18,"column":1}},"1":{"start":{"line":6,"column":1},"end":{"line":8,"column":2}},"2":{"start":{"line":7,"column":2},"end":{"line":7,"column":46}},"3":{"start":{"line":10,"column":1},"end":{"line":17,"column":3}},"4":{"start":{"line":11,"column":2},"end":{"line":16,"column":4}},"5":{"start":{"line":20,"column":16},"end":{"line":29,"column":1}},"6":{"start":{"line":20,"column":27},"end":{"line":29,"column":1}},"7":{"start":{"line":22,"column":1},"end":{"line":26,"column":2}},"8":{"start":{"line":28,"column":1},"end":{"line":28,"column":42}}},"fnMap":{"0":{"name":"(anonymous_0)","decl":{"start":{"line":5,"column":13},"end":{"line":5,"column":14}},"loc":{"start":{"line":5,"column":39},"end":{"line":18,"column":1}},"line":5},"1":{"name":"(anonymous_1)","decl":{"start":{"line":10,"column":20},"end":{"line":10,"column":21}},"loc":{"start":{"line":11,"column":2},"end":{"line":16,"column":4}},"line":11},"2":{"name":"(anonymous_2)","decl":{"start":{"line":20,"column":16},"end":{"line":20,"column":17}},"loc":{"start":{"line":20,"column":27},"end":{"line":29,"column":1}},"line":20},"3":{"name":"(anonymous_3)","decl":{"start":{"line":20,"column":27},"end":{"line":20,"column":28}},"loc":{"start":{"line":20,"column":37},"end":{"line":29,"column":1}},"line":20}},"branchMap":{"0":{"loc":{"start":{"line":6,"column":1},"end":{"line":8,"column":2}},"type":"if","locations":[{"start":{"line":6,"column":1},"end":{"line":8,"column":2}},{"start":{},"end":{}}],"line":6},"1":{"loc":{"start":{"line":22,"column":1},"end":{"line":26,"column":2}},"type":"if","locations":[{"start":{},"end":{}}],"line":22}},"s":{"0":0,"1":0,"2":0,"3":0,"4":0,"5":0,"6":0,"7":0,"8":0},"f":{"0":0,"1":0,"2":0,"3":0},"b":{"0":[0,0],"1":[0]}}
,"/Users/macheewon/Documents/GitHub/connected-platform/frontend/src/libs/services.js": {"path":"/Users/macheewon/Documents/GitHub/connected-platform/frontend/src/libs/services.js","statementMap":{"0":{"start":{"line":3,"column":12},"end":{"line":3,"column":65}},"1":{"start":{"line":4,"column":29},"end":{"line":5,"column":42}},"2":{"start":{"line":5,"column":1},"end":{"line":5,"column":42}},"3":{"start":{"line":7,"column":12},"end":{"line":7,"column":58}},"4":{"start":{"line":8,"column":22},"end":{"line":8,"column":71}},"5":{"start":{"line":8,"column":36},"end":{"line":8,"column":71}}},"fnMap":{"0":{"name":"(anonymous_0)","decl":{"start":{"line":4,"column":29},"end":{"line":4,"column":30}},"loc":{"start":{"line":5,"column":1},"end":{"line":5,"column":42}},"line":5},"1":{"name":"(anonymous_1)","decl":{"start":{"line":8,"column":22},"end":{"line":8,"column":23}},"loc":{"start":{"line":8,"column":36},"end":{"line":8,"column":71}},"line":8}},"branchMap":{},"s":{"0":0,"1":0,"2":0,"3":0,"4":0,"5":0},"f":{"0":0,"1":0},"b":{}}
,"/Users/macheewon/Documents/GitHub/connected-platform/frontend/src/libs/testutils.js": {"path":"/Users/macheewon/Documents/GitHub/connected-platform/frontend/src/libs/testutils.js","statementMap":{"0":{"start":{"line":9,"column":30},"end":{"line":13,"column":1}},"1":{"start":{"line":10,"column":1},"end":{"line":12,"column":4}},"2":{"start":{"line":11,"column":2},"end":{"line":11,"column":42}},"3":{"start":{"line":15,"column":31},"end":{"line":29,"column":1}},"4":{"start":{"line":19,"column":23},"end":{"line":19,"column":52}},"5":{"start":{"line":20,"column":13},"end":{"line":20,"column":15}},"6":{"start":{"line":21,"column":1},"end":{"line":23,"column":2}},"7":{"start":{"line":22,"column":2},"end":{"line":22,"column":46}},"8":{"start":{"line":25,"column":1},"end":{"line":27,"column":4}},"9":{"start":{"line":26,"column":2},"end":{"line":26,"column":45}},"10":{"start":{"line":28,"column":1},"end":{"line":28,"column":21}},"11":{"start":{"line":31,"column":15},"end":{"line":33,"column":1}},"12":{"start":{"line":32,"column":1},"end":{"line":32,"column":41}}},"fnMap":{"0":{"name":"(anonymous_0)","decl":{"start":{"line":9,"column":30},"end":{"line":9,"column":31}},"loc":{"start":{"line":9,"column":36},"end":{"line":13,"column":1}},"line":9},"1":{"name":"(anonymous_1)","decl":{"start":{"line":10,"column":50},"end":{"line":10,"column":51}},"loc":{"start":{"line":10,"column":56},"end":{"line":12,"column":2}},"line":10},"2":{"name":"(anonymous_2)","decl":{"start":{"line":15,"column":31},"end":{"line":15,"column":32}},"loc":{"start":{"line":18,"column":5},"end":{"line":29,"column":1}},"line":18},"3":{"name":"(anonymous_3)","decl":{"start":{"line":25,"column":11},"end":{"line":25,"column":12}},"loc":{"start":{"line":25,"column":23},"end":{"line":27,"column":2}},"line":25},"4":{"name":"(anonymous_4)","decl":{"start":{"line":31,"column":15},"end":{"line":31,"column":16}},"loc":{"start":{"line":31,"column":32},"end":{"line":33,"column":1}},"line":31}},"branchMap":{"0":{"loc":{"start":{"line":17,"column":2},"end":{"line":17,"column":18}},"type":"default-arg","locations":[{"start":{"line":17,"column":13},"end":{"line":17,"column":18}}],"line":17},"1":{"loc":{"start":{"line":21,"column":1},"end":{"line":23,"column":2}},"type":"if","locations":[{"start":{"line":21,"column":1},"end":{"line":23,"column":2}},{"start":{},"end":{}}],"line":21},"2":{"loc":{"start":{"line":31,"column":16},"end":{"line":31,"column":27}},"type":"default-arg","locations":[{"start":{"line":31,"column":25},"end":{"line":31,"column":27}}],"line":31}},"s":{"0":0,"1":0,"2":0,"3":0,"4":0,"5":0,"6":0,"7":0,"8":0,"9":0,"10":0,"11":0,"12":0},"f":{"0":0,"1":0,"2":0,"3":0,"4":0},"b":{"0":[0],"1":[0,0],"2":[0]}}
,"/Users/macheewon/Documents/GitHub/connected-platform/frontend/src/libs/utils.js": {"path":"/Users/macheewon/Documents/GitHub/connected-platform/frontend/src/libs/utils.js","statementMap":{"0":{"start":{"line":1,"column":25},"end":{"line":1,"column":57}},"1":{"start":{"line":1,"column":31},"end":{"line":1,"column":57}},"2":{"start":{"line":3,"column":27},"end":{"line":4,"column":54}},"3":{"start":{"line":4,"column":1},"end":{"line":4,"column":54}},"4":{"start":{"line":6,"column":26},"end":{"line":7,"column":68}},"5":{"start":{"line":7,"column":1},"end":{"line":7,"column":68}},"6":{"start":{"line":9,"column":24},"end":{"line":19,"column":1}},"7":{"start":{"line":10,"column":1},"end":{"line":12,"column":2}},"8":{"start":{"line":11,"column":2},"end":{"line":11,"column":9}},"9":{"start":{"line":14,"column":1},"end":{"line":17,"column":2}},"10":{"start":{"line":15,"column":2},"end":{"line":15,"column":36}},"11":{"start":{"line":16,"column":2},"end":{"line":16,"column":9}},"12":{"start":{"line":18,"column":1},"end":{"line":18,"column":28}},"13":{"start":{"line":21,"column":22},"end":{"line":27,"column":1}},"14":{"start":{"line":22,"column":1},"end":{"line":26,"column":2}},"15":{"start":{"line":23,"column":17},"end":{"line":23,"column":32}},"16":{"start":{"line":24,"column":19},"end":{"line":24,"column":59}},"17":{"start":{"line":25,"column":2},"end":{"line":25,"column":52}}},"fnMap":{"0":{"name":"(anonymous_0)","decl":{"start":{"line":1,"column":25},"end":{"line":1,"column":26}},"loc":{"start":{"line":1,"column":31},"end":{"line":1,"column":57}},"line":1},"1":{"name":"(anonymous_1)","decl":{"start":{"line":3,"column":27},"end":{"line":3,"column":28}},"loc":{"start":{"line":4,"column":1},"end":{"line":4,"column":54}},"line":4},"2":{"name":"(anonymous_2)","decl":{"start":{"line":6,"column":26},"end":{"line":6,"column":27}},"loc":{"start":{"line":7,"column":1},"end":{"line":7,"column":68}},"line":7},"3":{"name":"(anonymous_3)","decl":{"start":{"line":9,"column":24},"end":{"line":9,"column":25}},"loc":{"start":{"line":9,"column":38},"end":{"line":19,"column":1}},"line":9},"4":{"name":"(anonymous_4)","decl":{"start":{"line":21,"column":22},"end":{"line":21,"column":23}},"loc":{"start":{"line":21,"column":28},"end":{"line":27,"column":1}},"line":21}},"branchMap":{"0":{"loc":{"start":{"line":4,"column":1},"end":{"line":4,"column":54}},"type":"binary-expr","locations":[{"start":{"line":4,"column":1},"end":{"line":4,"column":12}},{"start":{"line":4,"column":16},"end":{"line":4,"column":54}}],"line":4},"1":{"loc":{"start":{"line":7,"column":1},"end":{"line":7,"column":68}},"type":"binary-expr","locations":[{"start":{"line":7,"column":1},"end":{"line":7,"column":39}},{"start":{"line":7,"column":43},"end":{"line":7,"column":68}}],"line":7},"2":{"loc":{"start":{"line":10,"column":1},"end":{"line":12,"column":2}},"type":"if","locations":[{"start":{"line":10,"column":1},"end":{"line":12,"column":2}},{"start":{},"end":{}}],"line":10},"3":{"loc":{"start":{"line":14,"column":1},"end":{"line":17,"column":2}},"type":"if","locations":[{"start":{"line":14,"column":1},"end":{"line":17,"column":2}},{"start":{},"end":{}}],"line":14},"4":{"loc":{"start":{"line":22,"column":1},"end":{"line":26,"column":2}},"type":"if","locations":[{"start":{"line":22,"column":1},"end":{"line":26,"column":2}},{"start":{},"end":{}}],"line":22}},"s":{"0":0,"1":0,"2":0,"3":0,"4":0,"5":0,"6":0,"7":0,"8":0,"9":0,"10":0,"11":0,"12":0,"13":0,"14":0,"15":0,"16":0,"17":0},"f":{"0":0,"1":0,"2":0,"3":0,"4":0},"b":{"0":[0,0],"1":[0,0],"2":[0,0],"3":[0,0],"4":[0,0]}}
,"/Users/macheewon/Documents/GitHub/connected-platform/frontend/src/views/Account.js": {"path":"/Users/macheewon/Documents/GitHub/connected-platform/frontend/src/views/Account.js","statementMap":{"0":{"start":{"line":8,"column":16},"end":{"line":87,"column":1}},"1":{"start":{"line":9,"column":27},"end":{"line":13,"column":3}},"2":{"start":{"line":15,"column":19},"end":{"line":23,"column":2}},"3":{"start":{"line":16,"column":2},"end":{"line":22,"column":3}},"4":{"start":{"line":17,"column":20},"end":{"line":17,"column":49}},"5":{"start":{"line":18,"column":3},"end":{"line":18,"column":36}},"6":{"start":{"line":19,"column":3},"end":{"line":19,"column":51}},"7":{"start":{"line":21,"column":3},"end":{"line":21,"column":22}},"8":{"start":{"line":24,"column":22},"end":{"line":35,"column":2}},"9":{"start":{"line":25,"column":2},"end":{"line":34,"column":41}},"10":{"start":{"line":28,"column":4},"end":{"line":32,"column":8}},"11":{"start":{"line":28,"column":27},"end":{"line":32,"column":5}},"12":{"start":{"line":34,"column":19},"end":{"line":34,"column":39}},"13":{"start":{"line":37,"column":22},"end":{"line":46,"column":2}},"14":{"start":{"line":38,"column":2},"end":{"line":45,"column":3}},"15":{"start":{"line":39,"column":3},"end":{"line":39,"column":42}},"16":{"start":{"line":40,"column":3},"end":{"line":42,"column":7}},"17":{"start":{"line":40,"column":26},"end":{"line":42,"column":4}},"18":{"start":{"line":41,"column":42},"end":{"line":41,"column":57}},"19":{"start":{"line":44,"column":3},"end":{"line":44,"column":24}},"20":{"start":{"line":48,"column":1},"end":{"line":50,"column":8}},"21":{"start":{"line":49,"column":2},"end":{"line":49,"column":14}},"22":{"start":{"line":52,"column":1},"end":{"line":86,"column":3}},"23":{"start":{"line":58,"column":6},"end":{"line":63,"column":11}},"24":{"start":{"line":60,"column":30},"end":{"line":60,"column":52}},"25":{"start":{"line":73,"column":19},"end":{"line":73,"column":63}},"26":{"start":{"line":73,"column":37},"end":{"line":73,"column":61}},"27":{"start":{"line":79,"column":19},"end":{"line":79,"column":64}},"28":{"start":{"line":79,"column":37},"end":{"line":79,"column":62}}},"fnMap":{"0":{"name":"(anonymous_0)","decl":{"start":{"line":8,"column":16},"end":{"line":8,"column":17}},"loc":{"start":{"line":8,"column":22},"end":{"line":87,"column":1}},"line":8},"1":{"name":"(anonymous_1)","decl":{"start":{"line":15,"column":19},"end":{"line":15,"column":20}},"loc":{"start":{"line":15,"column":31},"end":{"line":23,"column":2}},"line":15},"2":{"name":"(anonymous_2)","decl":{"start":{"line":24,"column":22},"end":{"line":24,"column":23}},"loc":{"start":{"line":24,"column":28},"end":{"line":35,"column":2}},"line":24},"3":{"name":"(anonymous_3)","decl":{"start":{"line":27,"column":9},"end":{"line":27,"column":10}},"loc":{"start":{"line":27,"column":21},"end":{"line":33,"column":4}},"line":27},"4":{"name":"(anonymous_4)","decl":{"start":{"line":28,"column":13},"end":{"line":28,"column":14}},"loc":{"start":{"line":28,"column":27},"end":{"line":32,"column":5}},"line":28},"5":{"name":"(anonymous_5)","decl":{"start":{"line":34,"column":10},"end":{"line":34,"column":11}},"loc":{"start":{"line":34,"column":19},"end":{"line":34,"column":39}},"line":34},"6":{"name":"(anonymous_6)","decl":{"start":{"line":37,"column":22},"end":{"line":37,"column":23}},"loc":{"start":{"line":37,"column":34},"end":{"line":46,"column":2}},"line":37},"7":{"name":"(anonymous_7)","decl":{"start":{"line":40,"column":12},"end":{"line":40,"column":13}},"loc":{"start":{"line":40,"column":26},"end":{"line":42,"column":4}},"line":40},"8":{"name":"(anonymous_8)","decl":{"start":{"line":41,"column":34},"end":{"line":41,"column":35}},"loc":{"start":{"line":41,"column":42},"end":{"line":41,"column":57}},"line":41},"9":{"name":"(anonymous_9)","decl":{"start":{"line":48,"column":11},"end":{"line":48,"column":12}},"loc":{"start":{"line":48,"column":17},"end":{"line":50,"column":2}},"line":48},"10":{"name":"(anonymous_10)","decl":{"start":{"line":57,"column":22},"end":{"line":57,"column":23}},"loc":{"start":{"line":58,"column":6},"end":{"line":63,"column":11}},"line":58},"11":{"name":"(anonymous_11)","decl":{"start":{"line":60,"column":24},"end":{"line":60,"column":25}},"loc":{"start":{"line":60,"column":30},"end":{"line":60,"column":52}},"line":60},"12":{"name":"(anonymous_12)","decl":{"start":{"line":73,"column":14},"end":{"line":73,"column":15}},"loc":{"start":{"line":73,"column":19},"end":{"line":73,"column":63}},"line":73},"13":{"name":"(anonymous_13)","decl":{"start":{"line":73,"column":28},"end":{"line":73,"column":29}},"loc":{"start":{"line":73,"column":37},"end":{"line":73,"column":61}},"line":73},"14":{"name":"(anonymous_14)","decl":{"start":{"line":79,"column":14},"end":{"line":79,"column":15}},"loc":{"start":{"line":79,"column":19},"end":{"line":79,"column":64}},"line":79},"15":{"name":"(anonymous_15)","decl":{"start":{"line":79,"column":28},"end":{"line":79,"column":29}},"loc":{"start":{"line":79,"column":37},"end":{"line":79,"column":62}},"line":79}},"branchMap":{"0":{"loc":{"start":{"line":55,"column":4},"end":{"line":68,"column":4}},"type":"cond-expr","locations":[{"start":{"line":56,"column":4},"end":{"line":65,"column":9}},{"start":{"line":67,"column":4},"end":{"line":67,"column":40}}],"line":55}},"s":{"0":0,"1":0,"2":0,"3":0,"4":0,"5":0,"6":0,"7":0,"8":0,"9":0,"10":0,"11":0,"12":0,"13":0,"14":0,"15":0,"16":0,"17":0,"18":0,"19":0,"20":0,"21":0,"22":0,"23":0,"24":0,"25":0,"26":0,"27":0,"28":0},"f":{"0":0,"1":0,"2":0,"3":0,"4":0,"5":0,"6":0,"7":0,"8":0,"9":0,"10":0,"11":0,"12":0,"13":0,"14":0,"15":0},"b":{"0":[0,0]}}
,"/Users/macheewon/Documents/GitHub/connected-platform/frontend/src/views/HLSVideo.js": {"path":"/Users/macheewon/Documents/GitHub/connected-platform/frontend/src/views/HLSVideo.js","statementMap":{"0":{"start":{"line":5,"column":17},"end":{"line":98,"column":1}},"1":{"start":{"line":6,"column":18},"end":{"line":6,"column":30}},"2":{"start":{"line":7,"column":16},"end":{"line":7,"column":28}},"3":{"start":{"line":9,"column":1},"end":{"line":67,"column":17}},"4":{"start":{"line":10,"column":2},"end":{"line":66,"column":3}},"5":{"start":{"line":11,"column":17},"end":{"line":11,"column":33}},"6":{"start":{"line":12,"column":15},"end":{"line":12,"column":24}},"7":{"start":{"line":13,"column":3},"end":{"line":13,"column":29}},"8":{"start":{"line":14,"column":3},"end":{"line":14,"column":26}},"9":{"start":{"line":17,"column":3},"end":{"line":24,"column":6}},"10":{"start":{"line":18,"column":4},"end":{"line":22,"column":6}},"11":{"start":{"line":23,"column":4},"end":{"line":23,"column":17}},"12":{"start":{"line":25,"column":3},"end":{"line":25,"column":24}},"13":{"start":{"line":29,"column":3},"end":{"line":65,"column":6}},"14":{"start":{"line":30,"column":4},"end":{"line":32,"column":6}},"15":{"start":{"line":33,"column":4},"end":{"line":36,"column":6}},"16":{"start":{"line":38,"column":18},"end":{"line":38,"column":34}},"17":{"start":{"line":39,"column":18},"end":{"line":39,"column":35}},"18":{"start":{"line":41,"column":4},"end":{"line":41,"column":64}},"19":{"start":{"line":42,"column":4},"end":{"line":42,"column":52}},"20":{"start":{"line":43,"column":4},"end":{"line":43,"column":58}},"21":{"start":{"line":45,"column":4},"end":{"line":64,"column":5}},"22":{"start":{"line":46,"column":5},"end":{"line":51,"column":6}},"23":{"start":{"line":47,"column":6},"end":{"line":50,"column":8}},"24":{"start":{"line":52,"column":5},"end":{"line":63,"column":6}},"25":{"start":{"line":53,"column":6},"end":{"line":56,"column":8}},"26":{"start":{"line":57,"column":6},"end":{"line":62,"column":7}},"27":{"start":{"line":58,"column":7},"end":{"line":61,"column":9}},"28":{"start":{"line":69,"column":25},"end":{"line":72,"column":7}},"29":{"start":{"line":70,"column":2},"end":{"line":70,"column":33}},"30":{"start":{"line":71,"column":2},"end":{"line":71,"column":34}},"31":{"start":{"line":74,"column":25},"end":{"line":77,"column":7}},"32":{"start":{"line":75,"column":2},"end":{"line":75,"column":33}},"33":{"start":{"line":76,"column":2},"end":{"line":76,"column":35}},"34":{"start":{"line":79,"column":1},"end":{"line":97,"column":3}}},"fnMap":{"0":{"name":"(anonymous_0)","decl":{"start":{"line":5,"column":17},"end":{"line":5,"column":18}},"loc":{"start":{"line":5,"column":28},"end":{"line":98,"column":1}},"line":5},"1":{"name":"(anonymous_1)","decl":{"start":{"line":9,"column":11},"end":{"line":9,"column":12}},"loc":{"start":{"line":9,"column":17},"end":{"line":67,"column":2}},"line":9},"2":{"name":"(anonymous_2)","decl":{"start":{"line":17,"column":38},"end":{"line":17,"column":39}},"loc":{"start":{"line":17,"column":61},"end":{"line":24,"column":4}},"line":17},"3":{"name":"(anonymous_3)","decl":{"start":{"line":29,"column":34},"end":{"line":29,"column":35}},"loc":{"start":{"line":29,"column":57},"end":{"line":65,"column":4}},"line":29},"4":{"name":"(anonymous_4)","decl":{"start":{"line":69,"column":37},"end":{"line":69,"column":38}},"loc":{"start":{"line":69,"column":43},"end":{"line":72,"column":2}},"line":69},"5":{"name":"(anonymous_5)","decl":{"start":{"line":74,"column":37},"end":{"line":74,"column":38}},"loc":{"start":{"line":74,"column":43},"end":{"line":77,"column":2}},"line":74}},"branchMap":{"0":{"loc":{"start":{"line":10,"column":2},"end":{"line":66,"column":3}},"type":"if","locations":[{"start":{"line":10,"column":2},"end":{"line":66,"column":3}},{"start":{},"end":{}}],"line":10},"1":{"loc":{"start":{"line":45,"column":4},"end":{"line":64,"column":5}},"type":"if","locations":[{"start":{"line":45,"column":4},"end":{"line":64,"column":5}},{"start":{},"end":{}}],"line":45},"2":{"loc":{"start":{"line":46,"column":5},"end":{"line":51,"column":6}},"type":"if","locations":[{"start":{"line":46,"column":5},"end":{"line":51,"column":6}},{"start":{},"end":{}}],"line":46},"3":{"loc":{"start":{"line":52,"column":5},"end":{"line":63,"column":6}},"type":"if","locations":[{"start":{"line":52,"column":5},"end":{"line":63,"column":6}},{"start":{},"end":{}}],"line":52},"4":{"loc":{"start":{"line":57,"column":6},"end":{"line":62,"column":7}},"type":"if","locations":[{"start":{"line":57,"column":6},"end":{"line":62,"column":7}},{"start":{},"end":{}}],"line":57},"5":{"loc":{"start":{"line":57,"column":10},"end":{"line":57,"column":36}},"type":"binary-expr","locations":[{"start":{"line":57,"column":10},"end":{"line":57,"column":22}},{"start":{"line":57,"column":26},"end":{"line":57,"column":36}}],"line":57}},"s":{"0":0,"1":0,"2":0,"3":0,"4":0,"5":0,"6":0,"7":0,"8":0,"9":0,"10":0,"11":0,"12":0,"13":0,"14":0,"15":0,"16":0,"17":0,"18":0,"19":0,"20":0,"21":0,"22":0,"23":0,"24":0,"25":0,"26":0,"27":0,"28":0,"29":0,"30":0,"31":0,"32":0,"33":0,"34":0},"f":{"0":0,"1":0,"2":0,"3":0,"4":0,"5":0},"b":{"0":[0,0],"1":[0,0],"2":[0,0],"3":[0,0],"4":[0,0],"5":[0,0]}}
,"/Users/macheewon/Documents/GitHub/connected-platform/frontend/src/views/Home.js": {"path":"/Users/macheewon/Documents/GitHub/connected-platform/frontend/src/views/Home.js","statementMap":{"0":{"start":{"line":9,"column":13},"end":{"line":33,"column":1}},"1":{"start":{"line":10,"column":14},"end":{"line":10,"column":26}},"2":{"start":{"line":11,"column":58},"end":{"line":11,"column":68}},"3":{"start":{"line":12,"column":1},"end":{"line":32,"column":3}}},"fnMap":{"0":{"name":"(anonymous_0)","decl":{"start":{"line":9,"column":13},"end":{"line":9,"column":14}},"loc":{"start":{"line":9,"column":19},"end":{"line":33,"column":1}},"line":9}},"branchMap":{},"s":{"0":0,"1":0,"2":0,"3":0},"f":{"0":0},"b":{}}
,"/Users/macheewon/Documents/GitHub/connected-platform/frontend/src/views/HomeState.js": {"path":"/Users/macheewon/Documents/GitHub/connected-platform/frontend/src/views/HomeState.js","statementMap":{"0":{"start":{"line":6,"column":24},"end":{"line":19,"column":1}},"1":{"start":{"line":7,"column":34},"end":{"line":7,"column":49}},"2":{"start":{"line":9,"column":25},"end":{"line":11,"column":7}},"3":{"start":{"line":10,"column":2},"end":{"line":10,"column":18}},"4":{"start":{"line":13,"column":26},"end":{"line":16,"column":7}},"5":{"start":{"line":14,"column":2},"end":{"line":14,"column":54}},"6":{"start":{"line":15,"column":2},"end":{"line":15,"column":19}},"7":{"start":{"line":18,"column":1},"end":{"line":18,"column":57}}},"fnMap":{"0":{"name":"(anonymous_0)","decl":{"start":{"line":6,"column":24},"end":{"line":6,"column":25}},"loc":{"start":{"line":6,"column":30},"end":{"line":19,"column":1}},"line":6},"1":{"name":"(anonymous_1)","decl":{"start":{"line":9,"column":37},"end":{"line":9,"column":38}},"loc":{"start":{"line":9,"column":43},"end":{"line":11,"column":2}},"line":9},"2":{"name":"(anonymous_2)","decl":{"start":{"line":13,"column":38},"end":{"line":13,"column":39}},"loc":{"start":{"line":13,"column":44},"end":{"line":16,"column":2}},"line":13}},"branchMap":{},"s":{"0":0,"1":0,"2":0,"3":0,"4":0,"5":0,"6":0,"7":0},"f":{"0":0,"1":0,"2":0},"b":{}}
,"/Users/macheewon/Documents/GitHub/connected-platform/frontend/src/views/Main.js": {"path":"/Users/macheewon/Documents/GitHub/connected-platform/frontend/src/views/Main.js","statementMap":{"0":{"start":{"line":9,"column":13},"end":{"line":29,"column":1}},"1":{"start":{"line":10,"column":1},"end":{"line":28,"column":3}}},"fnMap":{"0":{"name":"(anonymous_0)","decl":{"start":{"line":9,"column":13},"end":{"line":9,"column":14}},"loc":{"start":{"line":9,"column":24},"end":{"line":29,"column":1}},"line":9}},"branchMap":{},"s":{"0":0,"1":0},"f":{"0":0},"b":{}}
,"/Users/macheewon/Documents/GitHub/connected-platform/frontend/src/views/Video.js": {"path":"/Users/macheewon/Documents/GitHub/connected-platform/frontend/src/views/Video.js","statementMap":{"0":{"start":{"line":5,"column":14},"end":{"line":51,"column":1}},"1":{"start":{"line":6,"column":1},"end":{"line":50,"column":3}}},"fnMap":{"0":{"name":"(anonymous_0)","decl":{"start":{"line":5,"column":14},"end":{"line":5,"column":15}},"loc":{"start":{"line":5,"column":24},"end":{"line":51,"column":1}},"line":5}},"branchMap":{},"s":{"0":0,"1":0},"f":{"0":0},"b":{}}
}
